
validate:pre:build:
     [echo] Checking for existence of GLOBUS_LOCATION envrironment variable.
     [echo] wscore.relative.dir = ws-core-4.0.3
     [echo] GLOBUS_LOCATION not set, downloading and installing http://gforge.nci.nih.gov/svnroot/commonlibrary/trunk/techstack-2006/os-independent/ws-core-enum-4.0.3.zip
     [echo] c:/apps/washu-commons-webapp/ws-core-4.0.3 already exists.

clean:
   [delete] Deleting directory D:\washu-commons_BDA\washu-commons\software\target\dist
   [delete] Deleting directory D:\washu-commons_BDA\washu-commons\software\target\temp

init:
     [echo]  ______   ______   _______ 
     [echo] (____  \ (______) (_______)
     [echo]  ____)  ) _     _  _______ 
     [echo] |  __  ( | |   | ||  ___  |
     [echo] | |__)  )| |__/ / | |   | |
     [echo] |______/ |_____/  |_|   |_|
    [mkdir] Created dir: D:\washu-commons_BDA\washu-commons\software\target\dist
    [mkdir] Created dir: D:\washu-commons_BDA\washu-commons\software\target\dist\exploded
    [mkdir] Created dir: D:\washu-commons_BDA\washu-commons\software\target\dist\exploded\washu-commons-api
    [mkdir] Created dir: D:\washu-commons_BDA\washu-commons\software\target\dist\exploded\washu-commons-webapp
    [mkdir] Created dir: D:\washu-commons_BDA\washu-commons\software\target\dist\exploded\common
    [mkdir] Created dir: D:\washu-commons_BDA\washu-commons\software\target\dist\exploded\tools
    [mkdir] Created dir: D:\washu-commons_BDA\washu-commons\software\target\temp

build:washu-commons-api:

build:washu-commons-webapp:

clean:
   [delete] Deleting directory D:\washu-commons_BDA\washu-commons\software\washu-commons\build

compile:
    [mkdir] Created dir: D:\washu-commons_BDA\washu-commons\software\washu-commons\build\classes
    [javac] Compiling 47 source files to D:\washu-commons_BDA\washu-commons\software\washu-commons\build\classes
    [javac] Note: Some input files use unchecked or unsafe operations.
    [javac] Note: Recompile with -Xlint:unchecked for details.
     [copy] Copying 1 file to D:\washu-commons_BDA\washu-commons\software\washu-commons\build\classes

build.jar:
      [jar] Building jar: D:\washu-commons_BDA\washu-commons\software\washu-commons\build\washu-commons-1.1.2.jar

dist:

build:all:

dist:tools:retrieve:

dist:installer:prep:

BUILD FAILED

D:\washu-commons_BDA\washu-commons\software\build\build.xml:319: D:\washu-commons_BDA\washu-commons\software\washu-commons\db\db-install not found.
	at org.apache.tools.ant.types.AbstractFileSet.getDirectoryScanner(AbstractFileSet.java:434)
	at org.apache.tools.ant.taskdefs.Copy.execute(Copy.java:431)
	at org.apache.tools.ant.UnknownElement.execute(UnknownElement.java:288)
	at sun.reflect.NativeMethodAccessorImpl.invoke0(Native Method)
	at sun.reflect.NativeMethodAccessorImpl.invoke(NativeMethodAccessorImpl.java:39)
	at sun.reflect.DelegatingMethodAccessorImpl.invoke(DelegatingMethodAccessorImpl.java:25)
	at java.lang.reflect.Method.invoke(Method.java:585)
	at org.apache.tools.ant.dispatch.DispatchUtils.execute(DispatchUtils.java:106)
	at org.apache.tools.ant.Task.perform(Task.java:348)
	at org.apache.tools.ant.Target.execute(Target.java:357)
	at org.apache.tools.ant.Target.performTasks(Target.java:385)
	at org.apache.tools.ant.Project.executeSortedTargets(Project.java:1337)
	at org.apache.tools.ant.Project.executeTarget(Project.java:1306)
	at org.apache.tools.ant.helper.DefaultExecutor.executeTargets(DefaultExecutor.java:41)
	at org.apache.tools.ant.Project.executeTargets(Project.java:1189)
	at org.apache.tools.ant.Main.runBuild(Main.java:758)
	at org.apache.tools.ant.Main.startAnt(Main.java:217)
	at org.apache.tools.ant.launch.Launcher.run(Launcher.java:257)
	at org.apache.tools.ant.launch.Launcher.main(Launcher.java:104)
